This is e-TeX, Version 3.14159-2.1 (Web2C 7.4.5) (format=latex 2006.3.18)  30 MAY 2006 14:36
entering extended mode
**xcolor3.tex
(./xcolor3.tex
LaTeX2e <2001/06/01>
Babel <v3.7h> and hyphenation patterns for american, french, german, ngerman, b
ahasa, basque, catalan, croatian, czech, danish, dutch, finnish, greek, iceland
ic, irish, italian, latin, magyar, norsk, norsk, portuges, romanian, russian, s
lovak, slovene, spanish, swedish, turkish, ukrainian, nohyphenation, loaded.
File: xcolor3 2005/12/21 v2.09 Color logging test (UK)
(/usr/share/texmf/tex/latex/base/article.cls
Document Class: article 2001/04/21 v1.4e Standard LaTeX document class
(/usr/share/texmf/tex/latex/base/size10.clo
File: size10.clo 2001/04/21 v1.4e Standard LaTeX file (size option)
)
\c@part=\count79
\c@section=\count80
\c@subsection=\count81
\c@subsubsection=\count82
\c@paragraph=\count83
\c@subparagraph=\count84
\c@figure=\count85
\c@table=\count86
\abovecaptionskip=\skip41
\belowcaptionskip=\skip42
\bibindent=\dimen102
) (./xcolor.sty
Package: xcolor 2005/12/21 v2.09 LaTeX color extensions (UK)

(/usr/share/texmf/tex/latex/config/color.cfg
File: color.cfg 2001/08/31 v1.1 color configuration of teTeX/TeXLive
)
Package xcolor Info: Driver file: dvips.def on input line 220.

(/usr/share/texmf/tex/latex/graphics/dvips.def
File: dvips.def 1999/02/16 v3.0i Driver-dependant file (DPC,SPQR)
)
(/usr/share/texmf/tex/latex/carlisle/colortbl.sty
Package: colortbl 1999/03/24 v0.1i Color table columns (DPC)

(/usr/share/texmf/tex/latex/tools/array.sty
Package: array 1998/05/13 v2.3m Tabular extension package (FMi)
\col@sep=\dimen103
\extrarowheight=\dimen104
\NC@list=\toks14
\extratabsurround=\skip43
\backup@length=\skip44
)
\everycr=\toks15
\minrowclearance=\skip45
)
\rownum=\count87
Package xcolor Info: Model `cmy' substituted by `cmy0' on input line 1328.
Package xcolor Info: Model `RGB' extended on input line 1344.
Package xcolor Info: Model `HTML' substituted by `rgb' on input line 1346.
Package xcolor Info: Model `Hsb' substituted by `hsb' on input line 1347.
Package xcolor Info: Model `tHsb' substituted by `hsb' on input line 1348.
Package xcolor Info: Model `HSB' substituted by `hsb' on input line 1349.
Package xcolor Info: Model `Gray' substituted by `gray' on input line 1350.
Package xcolor Info: Model `wave' substituted by `hsb' on input line 1351.

(/usr/share/texmf/tex/latex/graphics/dvipsnam.def
File: dvipsnam.def 1999/02/16 v3.0i Driver-dependant file (DPC,SPQR)
))
(/usr/share/texmf/tex/latex/misc/geometry.sty
Package: geometry 2002/07/08 v3.2 Page Geometry

(/usr/share/texmf/tex/latex/graphics/keyval.sty
Package: keyval 1999/03/16 v1.13 key=value parser (DPC)
\KV@toks@=\toks16
)
\Gm@cnth=\count88
\Gm@cntv=\count89
\c@Gm@tempcnt=\count90
\Gm@bindingoffset=\dimen105
\Gm@wd@mp=\dimen106
\Gm@odd@mp=\dimen107
\Gm@even@mp=\dimen108
\Gm@dimlist=\toks17

(/usr/share/texmf/tex/latex/config/geometry.cfg
File: geometry.cfg 2001/06/05 v1.0 teTeX (uncustomised setup)
))
(/usr/share/texmf/tex/latex/hyperref/hyperref.sty
Package: hyperref 2003/01/22 v6.73n Hypertext links for LaTeX
\@linkdim=\dimen109
\Hy@linkcounter=\count91
\Hy@pagecounter=\count92

(/usr/share/texmf/tex/latex/hyperref/pd1enc.def
File: pd1enc.def 2003/01/22 v6.73n Hyperref: PDFDocEncoding definition (HO)
)
(/usr/share/texmf/tex/latex/config/hyperref.cfg
File: hyperref.cfg 2002/06/06 v1.2 hyperref configuration of TeXLive and teTeX
)
Package hyperref Info: Option `hyperindex' set `false' on input line 1744.
Package hyperref Info: Option `bookmarks' set `true' on input line 1744.
Package hyperref Info: Option `bookmarksopen' set `true' on input line 1744.
Package hyperref Info: Hyper figures OFF on input line 1792.
Package hyperref Info: Link nesting OFF on input line 1797.
Package hyperref Info: Hyper index OFF on input line 1802.
Package hyperref Info: Plain pages ON on input line 1805.
Package hyperref Info: Backreferencing OFF on input line 1812.

Implicit mode ON; LaTeX internals redefined
Package hyperref Info: Bookmarks ON on input line 1916.
(/usr/share/texmf/tex/latex/misc/url.sty
\Urlmuskip=\muskip10
Package: url 1999/03/28  ver 1.5x  Verb mode for urls, etc.
)
LaTeX Info: Redefining \url on input line 2055.
\Fld@menulength=\count93
\Field@Width=\dimen110
\Fld@charsize=\dimen111
\Choice@toks=\toks18
\Field@toks=\toks19
Package hyperref Info: Hyper figures OFF on input line 2513.
Package hyperref Info: Link nesting OFF on input line 2518.
Package hyperref Info: Hyper index OFF on input line 2523.
Package hyperref Info: backreferencing OFF on input line 2528.
Package hyperref Info: Link coloring OFF on input line 2533.
\c@Item=\count94
\c@Hfootnote=\count95
)
*hyperref using driver hdvips*
(/usr/share/texmf/tex/latex/hyperref/hdvips.def
File: hdvips.def 2003/01/22 v6.73n Hyperref driver for dvips

(/usr/share/texmf/tex/latex/hyperref/pdfmark.def
File: pdfmark.def 2003/01/22 v6.73n Hyperref definitions for pdfmark specials
\pdf@docset=\toks20
\pdf@box=\box26
\pdf@toks=\toks21
\pdf@defaulttoks=\toks22
\Fld@listcount=\count96
\@outlinefile=\write3
))
Package xcolor Info: Setting color `{}{gray 0.875}{gray}{0.875}' on input line 
51.
Package xcolor Info: Defining color `JungleGreen' on input line 53.
Package xcolor Info: Defining color `DarkOrchid' on input line 53.

No file xcolor3.aux.
\openout1 = `xcolor3.aux'.

LaTeX Font Info:    Checking defaults for OML/cmm/m/it on input line 55.
LaTeX Font Info:    ... okay on input line 55.
LaTeX Font Info:    Checking defaults for T1/cmr/m/n on input line 55.
LaTeX Font Info:    ... okay on input line 55.
LaTeX Font Info:    Checking defaults for OT1/cmr/m/n on input line 55.
LaTeX Font Info:    ... okay on input line 55.
LaTeX Font Info:    Checking defaults for OMS/cmsy/m/n on input line 55.
LaTeX Font Info:    ... okay on input line 55.
LaTeX Font Info:    Checking defaults for OMX/cmex/m/n on input line 55.
LaTeX Font Info:    ... okay on input line 55.
LaTeX Font Info:    Checking defaults for U/cmr/m/n on input line 55.
LaTeX Font Info:    ... okay on input line 55.
LaTeX Font Info:    Checking defaults for PD1/pdf/m/n on input line 55.
LaTeX Font Info:    ... okay on input line 55.
-------------------- Geometry parameters
paper: a4paper
landscape: --
twocolumn: --
twoside: --
asymmetric: --
h-parts: 64.01869pt, 469.47049pt, 64.01869pt
v-parts: 64.01869pt, 717.00946pt, 64.01869pt
hmarginratio: --
vmarginratio: --
lines: --
heightrounded: --
bindingoffset: 0.0pt
truedimen: --
includehead: --
includefoot: --
includemp: --
driver: 
-------------------- Page layout dimensions and switches
\paperwidth  597.50787pt
\paperheight 845.04684pt
\textwidth  469.47049pt
\textheight 717.00946pt
\oddsidemargin  -8.2513pt
\evensidemargin -8.2513pt
\topmargin  -45.2513pt
\headheight 12.0pt
\headsep    25.0pt
\footskip   30.0pt
\marginparwidth 57.0pt
\marginparsep   11.0pt
\columnsep  10.0pt
\skip\footins  9.0pt plus 4.0pt minus 2.0pt
\hoffset 0.0pt
\voffset 0.0pt
\mag 1000

(1in=72.27pt, 1cm=28.45pt)
-----------------------
Package hyperref Info: Link coloring OFF on input line 55.
(/usr/share/texmf/tex/latex/hyperref/nameref.sty
Package: nameref 2001/01/27 v2.19 Cross-referencing by name of section
\c@section@level=\count97
)
LaTeX Info: Redefining \ref on input line 55.
LaTeX Info: Redefining \pageref on input line 55.
\openout3 = `xcolor3.out'.

LaTeX Font Info:    External font `cmex10' loaded for size
(Font)              <12> on input line 61.
LaTeX Font Info:    External font `cmex10' loaded for size
(Font)              <8> on input line 61.
LaTeX Font Info:    External font `cmex10' loaded for size
(Font)              <6> on input line 61.
LaTeX Font Info:    External font `cmex10' loaded for size
(Font)              <5> on input line 61.

Underfull \hbox (badness 1552) in paragraph at lines 61--61
[][]\OT1/cmr/m/n/8 This file (\OT1/cmtt/m/n/8 xcolor3.tex\OT1/cmr/m/n/8 ) is pa
rt of the \OT1/cmss/m/n/8 xcolor \OT1/cmr/m/n/8 dis-tri-bu-tion which can be do
wn-loaded from the CTAN mir-rors
 []

LaTeX Font Info:    External font `cmex10' loaded for size
(Font)              <9> on input line 70.
[1

]
Package xcolor Info: Setting color `{}{gray 1}{gray}{1}' on input line 118.
Package xcolor Info: Defining color `dummy' on input line 122.
Package xcolor Info: Redefining color `dummy' on input line 123.
Package xcolor Info: Ignoring color definition `dummy' on input line 124.
Package xcolor Info: Setting color `{}{rgb 0.6 0.5 0.4}{rgb}{0.6,0.5,0.4}' on i
nput line 125.
Package xcolor Info: Defining color `c1' on input line 131.
Package xcolor Info: Defining color `c2' on input line 132.
Package xcolor Info: Defining color `c1a' on input line 133.
Package xcolor Info: Defining color `c2a' on input line 134.
Package xcolor Info: Setting color `{}{rgb 0.7 0.6 0.5}{rgb}{0.7,0.6,0.5}' on i
nput line 136.
Package xcolor Info: Setting color `{}{rgb 0.7 0.6 0.5}{rgb}{0.7,0.6,0.5}' on i
nput line 137.
Package xcolor Info: Setting color `{}{rgb 0.7 0.6 0.5}{rgb}{0.7,0.6,0.5}' on i
nput line 138.
Package xcolor Info: Setting color `{}{rgb 0.7 0.6 0.5}{rgb}{0.7,0.6,0.5}' on i
nput line 139.
Package xcolor Info: Setting color `{}{rgb .7 .6 .5}{rgb}{.7,.6,.5}' on input l
ine 140.
Package xcolor Info: Setting color `{}{rgb .7 .6 .5}{rgb}{.7,.6,.5}' on input l
ine 141.
Package xcolor Info: Setting color `{}{rgb 0.7 0.6 0.5}{rgb}{0.7,0.6,0.5}' on i
nput line 142.
Package xcolor Info: Setting color `{}{rgb 0.7 0.6 0.5}{rgb}{0.7,0.6,0.5}' on i
nput line 143.
LaTeX Font Info:    External font `cmex10' loaded for size
(Font)              <7> on input line 150.
Package xcolor Info: Setting color `{}{rgb 0.91667 0.66666 0.58333}{rgb}{0.9166
7,0.66666,0.58333}' on input line 163.
Package xcolor Info: Setting color `{}{gray 0}{gray}{0}' on input line 168.
Package xcolor Info: Setting color `{}{rgb 0 0 1}{rgb}{0,0,1}' on input line 17
0.
Package xcolor Info: Setting color `{}{ JungleGreen}{named}{JungleGreen}' on in
put line 171.
Package xcolor Info: Setting color `{named}{ JungleGreen}{cmyk}{0.99,0,0.52,0}'
 on input line 172.
Package xcolor Info: Setting color `{}{cmyk 0.695 0.40001 0.36 0}{cmyk}{0.695,0
.40001,0.36,0}' on input line 173.
Package xcolor Info: Setting color `{}{rgb 0.5 0.5 0}{rgb}{0.5,0.5,0}' on input
 line 174.
Package xcolor Info: Setting color `{}{rgb .4 .5 .6}{rgb}{.4,.5,.6}' on input l
ine 179.
Package xcolor Info: Setting color `{}{rgb 0 0 1}{rgb}{0,0,1}' on input line 18
5.
Package xcolor Info: Setting color `{}{rgb 0.5 0.5 1}{rgb}{0.5,0.5,1}' on input
 line 185.
Package xcolor Info: Setting color `{}{rgb 1 1 0}{rgb}{1,1,0}' on input line 18
5.
Package xcolor Info: Setting color `{}{cmyk 0.5 0.5 0.5 0}{cmyk}{0.5,0.5,0.5,0}
' on input line 185.
Package xcolor Info: Setting color `{}{rgb 1 0 0}{rgb}{1,0,0}' on input line 18
5.
Package xcolor Info: Setting color `{}{rgb 1 0.5 0.5}{rgb}{1,0.5,0.5}' on input
 line 185.
Package xcolor Info: Setting color `{}{rgb 0 1 1}{rgb}{0,1,1}' on input line 18
5.
Package xcolor Info: Setting color `{}{cmyk 0 0.5 1 0}{cmyk}{0,0.5,1,0}' on inp
ut line 185.
Package xcolor Info: Setting color `{}{rgb 0 0 1}{rgb}{0,0,1}' on input line 18
7.
Package xcolor Info: Setting color `{}{rgb 0.2 0.2 1}{rgb}{0.2,0.2,1}' on input
 line 187.
Package xcolor Info: Setting color `{}{rgb 0.36 0.36 1}{rgb}{0.36,0.36,1}' on i
nput line 187.
Package xcolor Info: Setting color `{}{rgb 0.488 0.488 1}{rgb}{0.488,0.488,1}' 
on input line 187.
Package xcolor Info: Setting color `{}{rgb 0.59041 0.59041 1}{rgb}{0.59041,0.59
041,1}' on input line 187.
Package xcolor Info: Setting color `{}{rgb 0.67233 0.67233 1}{rgb}{0.67233,0.67
233,1}' on input line 187.
Package xcolor Info: Setting color `{}{rgb 1 0 0}{rgb}{1,0,0}' on input line 18
8.
Package xcolor Info: Setting color `{}{rgb 1 0.2 0.2}{rgb}{1,0.2,0.2}' on input
 line 188.
Package xcolor Info: Setting color `{}{rgb 1 0.36 0.36}{rgb}{1,0.36,0.36}' on i
nput line 188.
Package xcolor Info: Setting color `{}{rgb 1 0.488 0.488}{rgb}{1,0.488,0.488}' 
on input line 188.
Package xcolor Info: Setting color `{}{rgb 1 0.59041 0.59041}{rgb}{1,0.59041,0.
59041}' on input line 188.
Package xcolor Info: Setting color `{}{rgb 1 0.67233 0.67233}{rgb}{1,0.67233,0.
67233}' on input line 188.
Package xcolor Info: Setting color `{}{rgb 0 0 1}{rgb}{0,0,1}' on input line 19
3.
Package xcolor Info: Setting color `{}{rgb 0 0 1}{rgb}{0,0,1}' on input line 19
7.
Package xcolor Info: Setting color `{}{rgb 0.2 0.2 0.8}{rgb}{0.2,0.2,0.8}' on i
nput line 197.
Package xcolor Info: Setting color `{}{rgb 0.4 0.4 0.6}{rgb}{0.4,0.4,0.6}' on i
nput line 197.
Package xcolor Info: Setting color `{}{rgb 0.6 0.6 0.4}{rgb}{0.6,0.6,0.4}' on i
nput line 197.
Package xcolor Info: Setting color `{}{rgb 0.8 0.8 0.2}{rgb}{0.8,0.8,0.2}' on i
nput line 197.
Package xcolor Info: Setting color `{}{rgb 1 1 0}{rgb}{1,1,0}' on input line 19
7.
Package xcolor Info: Setting color `{}{rgb 0 0 1}{rgb}{0,0,1}' on input line 20
1.
Package xcolor Info: Setting color `{}{rgb 0.4 0.4 0.6}{rgb}{0.4,0.4,0.6}' on i
nput line 201.
Package xcolor Info: Setting color `{}{rgb 0.8 0.8 0.2}{rgb}{0.8,0.8,0.2}' on i
nput line 201.
Package xcolor Info: Setting color `{}{rgb 0.2 0.2 0.8}{rgb}{0.2,0.2,0.8}' on i
nput line 201.
Package xcolor Info: Setting color `{}{rgb 0.6 0.6 0.4}{rgb}{0.6,0.6,0.4}' on i
nput line 201.
Package xcolor Info: Setting color `{}{rgb 1 1 0}{rgb}{1,1,0}' on input line 20
1.
Package xcolor Info: Setting color `{}{rgb 0.4 0.4 0.6}{rgb}{0.4,0.4,0.6}' on i
nput line 205.
Package xcolor Info: Setting color `{}{rgb 0.4 0.4 0.6}{rgb}{0.4,0.4,0.6}' on i
nput line 205.
Package xcolor Info: Setting color `{}{rgb 0.4 0.4 0.6}{rgb}{0.4,0.4,0.6}' on i
nput line 205.
Package xcolor Info: Setting color `{}{rgb 0.4 0.4 0.6}{rgb}{0.4,0.4,0.6}' on i
nput line 205.
Package xcolor Info: Setting color `{}{rgb 0.4 0.4 0.6}{rgb}{0.4,0.4,0.6}' on i
nput line 205.
Package xcolor Info: Setting color `{}{rgb 0.4 0.4 0.6}{rgb}{0.4,0.4,0.6}' on i
nput line 205.
Package xcolor Info: Setting color `{}{rgb 0.75 1 0.75}{rgb}{0.75,1,0.75}' on i
nput line 213.
Package xcolor Info: Setting color `{}{rgb 0.75 1 0.75}{rgb}{0.75,1,0.75}' on i
nput line 214.
Package xcolor Info: Setting color `{}{cmyk 0 0 0.5 0}{cmyk}{0,0,0.5,0}' on inp
ut line 214.
Package xcolor Info: Setting color `{}{cmyk 0 0 0.5 0}{cmyk}{0,0,0.5,0}' on inp
ut line 215.
Package xcolor Info: Setting color `{}{rgb 0.75 0.75 1}{rgb}{0.75,0.75,1}' on i
nput line 216.
Package xcolor Info: Setting color `{}{rgb 0.75 0.75 1}{rgb}{0.75,0.75,1}' on i
nput line 217.
Package xcolor Info: Setting color `{}{cmyk 0 0 0.5 0}{cmyk}{0,0,0.5,0}' on inp
ut line 217.
Package xcolor Info: Setting color `{}{cmyk 0 0 0.5 0}{cmyk}{0,0,0.5,0}' on inp
ut line 218.
Package xcolor Info: Setting color `{}{rgb 0.75 1 0.75}{rgb}{0.75,1,0.75}' on i
nput line 222.
Package xcolor Info: Setting color `{}{rgb 0.75 1 0.75}{rgb}{0.75,1,0.75}' on i
nput line 223.
Package xcolor Info: Setting color `{}{cmyk 0 0 0.5 0}{cmyk}{0,0,0.5,0}' on inp
ut line 223.
Package xcolor Info: Setting color `{}{cmyk 0 0 0.5 0}{cmyk}{0,0,0.5,0}' on inp
ut line 224.
Package xcolor Info: Setting color `{}{rgb 1 0.88 0.88}{rgb}{1,0.88,0.88}' on i
nput line 225.
Package xcolor Info: Setting color `{}{rgb 0.75 1 0.75}{rgb}{0.75,1,0.75}' on i
nput line 226.
 [2

] (./xcolor3.aux)

 *File List*
 article.cls    2001/04/21 v1.4e Standard LaTeX document class
  size10.clo    2001/04/21 v1.4e Standard LaTeX file (size option)
  xcolor.sty    2005/12/21 v2.09 LaTeX color extensions (UK)
   color.cfg    2001/08/31 v1.1 color configuration of teTeX/TeXLive
   dvips.def    1999/02/16 v3.0i Driver-dependant file (DPC,SPQR)
colortbl.sty    1999/03/24 v0.1i Color table columns (DPC)
   array.sty    1998/05/13 v2.3m Tabular extension package (FMi)
dvipsnam.def    1999/02/16 v3.0i Driver-dependant file (DPC,SPQR)
geometry.sty    2002/07/08 v3.2 Page Geometry
  keyval.sty    1999/03/16 v1.13 key=value parser (DPC)
geometry.cfg    2001/06/05 v1.0 teTeX (uncustomised setup)
hyperref.sty    2003/01/22 v6.73n Hypertext links for LaTeX
  pd1enc.def    2003/01/22 v6.73n Hyperref: PDFDocEncoding definition (HO)
hyperref.cfg    2002/06/06 v1.2 hyperref configuration of TeXLive and teTeX
     url.sty    1999/03/28  ver 1.5x  Verb mode for urls, etc.
  hdvips.def    2003/01/22 v6.73n Hyperref driver for dvips
 pdfmark.def    2003/01/22 v6.73n Hyperref definitions for pdfmark specials
 nameref.sty    2001/01/27 v2.19 Cross-referencing by name of section
 ***********

 ) 
Here is how much of TeX's memory you used:
 2875 strings out of 95370
 38009 string characters out of 1188185
 145872 words of memory out of 1000001
 5945 multiletter control sequences out of 10000+50000
 10333 words of font info for 37 fonts, out of 500000 for 1000
 198 hyphenation exceptions out of 1000
 37i,14n,46p,477b,273s stack positions out of 1500i,500n,5000p,200000b,5000s

Output written on xcolor3.dvi (2 pages, 62544 bytes).
