This is pdfeTeX, Version 3.14159-1.10b-2.1 (Web2C 7.4.5) (format=pdflatex 2006.3.18)  30 MAY 2006 15:58
entering extended mode
**talk2.tex
(./talk2.tex{/usr/share/texmf/pdftex/config/pdftex.cfg}
LaTeX2e <2001/06/01>
Babel <v3.7h> and hyphenation patterns for american, french, german, ngerman, b
ahasa, basque, catalan, croatian, czech, danish, dutch, finnish, greek, iceland
ic, irish, italian, latin, magyar, norsk, norsk, portuges, romanian, russian, s
lovak, slovene, spanish, swedish, turkish, ukrainian, nohyphenation, loaded.
(/usr/share/texmf/tex/latex/base/article.cls
Document Class: article 2001/04/21 v1.4e Standard LaTeX document class
(/usr/share/texmf/tex/latex/base/size10.clo
File: size10.clo 2001/04/21 v1.4e Standard LaTeX file (size option)
)
\c@part=\count79
\c@section=\count80
\c@subsection=\count81
\c@subsubsection=\count82
\c@paragraph=\count83
\c@subparagraph=\count84
\c@figure=\count85
\c@table=\count86
\abovecaptionskip=\skip41
\belowcaptionskip=\skip42
\bibindent=\dimen102
)
(/usr/share/texmf/tex/latex/graphics/graphicx.sty
Package: graphicx 1999/02/16 v1.0f Enhanced LaTeX Graphics (DPC,SPQR)

(/usr/share/texmf/tex/latex/graphics/keyval.sty
Package: keyval 1999/03/16 v1.13 key=value parser (DPC)
\KV@toks@=\toks14
)
(/usr/share/texmf/tex/latex/graphics/graphics.sty
Package: graphics 2001/07/07 v1.0n Standard LaTeX Graphics (DPC,SPQR)

(/usr/share/texmf/tex/latex/graphics/trig.sty
Package: trig 1999/03/16 v1.09 sin cos tan (DPC)
)
(/usr/share/texmf/tex/latex/config/graphics.cfg
File: graphics.cfg 2001/08/31 v1.1 graphics configuration of teTeX/TeXLive
)
Package graphics Info: Driver file: pdftex.def on input line 80.

(/usr/share/texmf/tex/latex/graphics/pdftex.def
File: pdftex.def 2002/06/19 v0.03k graphics/color for pdftex
\Gread@gobject=\count87
))
\Gin@req@height=\dimen103
\Gin@req@width=\dimen104
)
(/usr/share/texmf/tex/latex/graphics/color.sty
Package: color 1999/02/16 v1.0i Standard LaTeX Color (DPC)

(/usr/share/texmf/tex/latex/config/color.cfg
File: color.cfg 2001/08/31 v1.1 color configuration of teTeX/TeXLive
)
Package color Info: Driver file: pdftex.def on input line 125.
)
(/usr/share/texmf/tex/latex/amsfonts/amssymb.sty
Package: amssymb 2002/01/22 v2.2d

(/usr/share/texmf/tex/latex/amsfonts/amsfonts.sty
Package: amsfonts 2001/10/25 v2.2f
\@emptytoks=\toks15
\symAMSa=\mathgroup4
\symAMSb=\mathgroup5
LaTeX Font Info:    Overwriting math alphabet `\mathfrak' in version `bold'
(Font)                  U/euf/m/n --> U/euf/b/n on input line 132.
))

LaTeX Warning: Unused global option(s):
    [25pt].

(./talk2.aux)
\openout1 = `talk2.aux'.

LaTeX Font Info:    Checking defaults for OML/cmm/m/it on input line 12.
LaTeX Font Info:    ... okay on input line 12.
LaTeX Font Info:    Checking defaults for T1/cmr/m/n on input line 12.
LaTeX Font Info:    ... okay on input line 12.
LaTeX Font Info:    Checking defaults for OT1/cmr/m/n on input line 12.
LaTeX Font Info:    ... okay on input line 12.
LaTeX Font Info:    Checking defaults for OMS/cmsy/m/n on input line 12.
LaTeX Font Info:    ... okay on input line 12.
LaTeX Font Info:    Checking defaults for OMX/cmex/m/n on input line 12.
LaTeX Font Info:    ... okay on input line 12.
LaTeX Font Info:    Checking defaults for U/cmr/m/n on input line 12.
LaTeX Font Info:    ... okay on input line 12.
 (/usr/share/texmf/tex/context/base/supp-pdf.tex
(/usr/share/texmf/tex/context/base/supp-mis.tex
loading : Context Support Macros / Missing
\protectiondepth=\count88
\scratchcounter=\count89
\scratchtoks=\toks16
\scratchdimen=\dimen105
\scratchskip=\skip43
\scratchmuskip=\muskip10
\scratchbox=\box26
\scratchread=\read1
\scratchwrite=\write3
\zeropoint=\dimen106
\minusone=\count90
\thousandpoint=\dimen107
\emptytoks=\toks17
\nextbox=\box27
\nextdepth=\dimen108
\everyline=\toks18
\!!counta=\count91
\!!countb=\count92
\recursecounter=\count93
)
loading : Context Support Macros / PDF
\nofMPsegments=\count94
\nofMParguments=\count95
\everyMPtoPDFconversion=\toks19
) [1

{/var/lib/texmf/dvips/config/pdftex.map}] (./talk2.aux) ) 
Here is how much of TeX's memory you used:
 1173 strings out of 94960
 13562 string characters out of 1182470
 57413 words of memory out of 1000001
 4341 multiletter control sequences out of 10000+50000
 3945 words of font info for 15 fonts, out of 500000 for 1000
 198 hyphenation exceptions out of 1000
 25i,5n,24p,202b,108s stack positions out of 1500i,500n,5000p,200000b,5000s
 7 PDF objects out of 300000
 0 named destinations out of 131072
 0 words of extra memory for PDF output out of 65536
{/usr/share/texmf/dvip
s/tetex/f7b6d320.enc}</usr/share/texmf/fonts/type1/bluesky/cm/cmss10.pfb>
Output written on talk2.pdf (1 page, 5332 bytes).
